<?xml version="1.0" encoding="UTF-8"?>
<testsuite xmlns:xsi="http://www.w3.org/2001/XMLSchema-instance" xsi:schemaLocation="https://maven.apache.org/surefire/maven-surefire-plugin/xsd/surefire-test-report.xsd" name="TestSuite" time="103.467" tests="7" errors="0" skipped="0" failures="2">
  <properties>
[...]
</properties>
  <testcase name="addDuplicateProductToCart" classname="com.browserstack.BStackDemoTest" time="5.219"/>
  <testcase name="addProductToCart" classname="com.browserstack.BStackDemoTest" time="3.965">
    <failure message="invalid selector: Unable to locate an element with the xpath expression //*[@id=&quot;1&quot;]/div[] because of the following error:&#10;SyntaxError: Failed to execute &apos;evaluate&apos; on &apos;Document&apos;: The string &apos;//*[@id=&quot;1&quot;]/div[]&apos; is not a valid XPath expression.&#10;  (Session info: chrome=110.0.5481.77)&#10;For documentation on this error, please visit: https://selenium.dev/exceptions/#invalid_selector_exception&#10;Build info: version: &apos;4.1.4&apos;, revision: &apos;535d840ee2&apos;&#10;System info: host: &apos;Amit*con-C02DXD1LML7H&apos;, ip: &apos;192.168.0.205&apos;, os.name: &apos;Mac OS X&apos;, os.arch: &apos;x86_64&apos;, os.version: &apos;13.1&apos;, java.version: &apos;19.0.2&apos;&#10;Driver info: org.openqa.selenium.chrome.ChromeDriver&#10;Command: [ad9bb6dbe4ef9d2c0e6b4e1f943d6f7e556607d5, findElement {using=xpath, value=//*[@id=&quot;1&quot;]/div[]}]&#10;Capabilities {acceptInsecureCerts: false, browserName: chrome, browserVersion: 110.0.5481.77, chrome: {chromedriverVersion: 110.0.5481.30 (aedb656755c4..., userDataDir: /var/folders/3y/zz_w6_s56sl...}, goog:chromeOptions: {debuggerAddress: localhost:65143}, javascriptEnabled: true, networkConnectionEnabled: false, pageLoadStrategy: normal, platform: MAC, platformName: MAC, proxy: Proxy(), setWindowRect: true, strictFileInteractability: false, timeouts: {implicit: 0, pageLoad: 300000, script: 30000}, unhandledPromptBehavior: dismiss and notify, webauthn:extension:credBlob: true, webauthn:extension:largeBlob: true, webauthn:virtualAuthenticators: true, webdriver.remote.sessionid: ad9bb6dbe4ef9d2c0e6b4e1f943...}&#10;Session ID: ad9bb6dbe4ef9d2c0e6b4e1f943d6f7e556607d5" type="org.openqa.selenium.InvalidSelectorException">org.openqa.selenium.InvalidSelectorException: 
invalid selector: Unable to locate an element with the xpath expression //*[@id="1"]/div[] because of the following error:
SyntaxError: Failed to execute 'evaluate' on 'Document': The string '//*[@id="1"]/div[]' is not a valid XPath expression.
  (Session info: chrome=110.0.5481.77)
For documentation on this error, please visit: https://selenium.dev/exceptions/#invalid_selector_exception
Build info: version: '4.1.4', revision: '535d840ee2'
System info: host: 'Amit*con-C02DXD1LML7H', ip: '192.168.0.205', os.name: 'Mac OS X', os.arch: 'x86_64', os.version: '13.1', java.version: '19.0.2'
Driver info: org.openqa.selenium.chrome.ChromeDriver
Command: [ad9bb6dbe4ef9d2c0e6b4e1f943d6f7e556607d5, findElement {using=xpath, value=//*[@id="1"]/div[]}]
Capabilities {acceptInsecureCerts: false, browserName: chrome, browserVersion: 110.0.5481.77, chrome: {chromedriverVersion: 110.0.5481.30 (aedb656755c4..., userDataDir: /var/folders/3y/zz_w6_s56sl...}, goog:chromeOptions: {debuggerAddress: localhost:65143}, javascriptEnabled: true, networkConnectionEnabled: false, pageLoadStrategy: normal, platform: MAC, platformName: MAC, proxy: Proxy(), setWindowRect: true, strictFileInteractability: false, timeouts: {implicit: 0, pageLoad: 300000, script: 30000}, unhandledPromptBehavior: dismiss and notify, webauthn:extension:credBlob: true, webauthn:extension:largeBlob: true, webauthn:virtualAuthenticators: true, webdriver.remote.sessionid: ad9bb6dbe4ef9d2c0e6b4e1f943...}
Session ID: ad9bb6dbe4ef9d2c0e6b4e1f943d6f7e556607d5
	at com.browserstack.BStackDemoTest.addProductToCart(BStackDemoTest.java:64)
</failure>
    <system-err><![CDATA[Mar 03, 2023 2:24:19 PM org.openqa.selenium.remote.ProtocolHandshake createSession
INFO: Detected dialect: W3C
Mar 03, 2023 2:24:19 PM org.openqa.selenium.devtools.CdpEndpointFinder getCdpEndPoint
WARNING: Unable to connect to determine websocket url: java.net.ConnectException: Connection refused: localhost/[0:0:0:0:0:0:0:1]:65143
Mar 03, 2023 2:24:19 PM org.openqa.selenium.devtools.CdpVersionFinder findNearestMatch
WARNING: Unable to find an exact match for CDP version 110, so returning the closest version found: a no-op implementation
Mar 03, 2023 2:24:19 PM org.openqa.selenium.devtools.CdpVersionFinder findNearestMatch
INFO: Unable to find CDP implementation matching 110.
Mar 03, 2023 2:24:19 PM org.openqa.selenium.chromium.ChromiumDriver lambda$new$3
WARNING: Unable to find version of CDP to use for . You may need to include a dependency on a specific version of the CDP using something similar to `org.seleniumhq.selenium:selenium-devtools-v86:4.1.4` where the version ("v86") matches the version of the chromium-based browser you're using and the version number of the artifact is the same as Selenium's.
]]></system-err>
  </testcase>
  <testcase name="loginToBStackDemo" classname="com.browserstack.BStackDemoTest" time="3.128">
    <failure message="expected [true] but found [false]" type="java.lang.AssertionError">java.lang.AssertionError: expected [true] but found [false]
	at com.browserstack.BStackDemoTest.loginToBStackDemo(BStackDemoTest.java:37)
</failure>
    <system-err><![CDATA[Mar 03, 2023 2:24:31 PM org.openqa.selenium.remote.ProtocolHandshake createSession
INFO: Detected dialect: W3C
Mar 03, 2023 2:24:31 PM org.openqa.selenium.devtools.CdpEndpointFinder getCdpEndPoint
WARNING: Unable to connect to determine websocket url: java.net.ConnectException: Connection refused: localhost/[0:0:0:0:0:0:0:1]:63303
Mar 03, 2023 2:24:31 PM org.openqa.selenium.devtools.CdpVersionFinder findNearestMatch
WARNING: Unable to find an exact match for CDP version 110, so returning the closest version found: a no-op implementation
Mar 03, 2023 2:24:31 PM org.openqa.selenium.devtools.CdpVersionFinder findNearestMatch
INFO: Unable to find CDP implementation matching 110.
Mar 03, 2023 2:24:31 PM org.openqa.selenium.chromium.ChromiumDriver lambda$new$3
WARNING: Unable to find version of CDP to use for . You may need to include a dependency on a specific version of the CDP using something similar to `org.seleniumhq.selenium:selenium-devtools-v86:4.1.4` where the version ("v86") matches the version of the chromium-based browser you're using and the version number of the artifact is the same as Selenium's.
]]></system-err>
  </testcase>
  <testcase name="logoutFromBstackDemo" classname="com.browserstack.BStackDemoTest" time="9.743"/>
  <testcase name="makePayment" classname="com.browserstack.BStackDemoTest" time="4.792"/>
  <testcase name="placeOrder" classname="com.browserstack.BStackDemoTest" time="10.167"/>
  <testcase name="visitBStackDemo" classname="com.browserstack.BStackDemoTest" time="4.846"/>
</testsuite>